2026-05-03 21:05:54 | INFO     | config.logging:setup_logging:39 | 📋 Logging tizimi ishga tushdi | Level: INFO
2026-05-03 21:05:54 | INFO     | __main__:main:19 | Starting Pochta Bot...
2026-05-03 21:05:56 | WARNING  | __main__:main:36 | Redis not available — using MemoryStorage for FSM
2026-05-03 21:05:56 | INFO     | database.connection:create_tables:44 | ✅ Jadvallar yaratildi yoki mavjud
2026-05-03 21:05:56 | INFO     | __main__:main:57 | Database ready
2026-05-03 21:05:56 | INFO     | bot.utils.scheduler:setup_scheduler:135 | ⏰ Scheduler ishga tushdi
2026-05-03 21:05:56 | INFO     | __main__:main:64 | Scheduler started
2026-05-03 21:05:57 | INFO     | __main__:main:87 | Bot started in polling mode. Send /start in Telegram.
2026-05-03 21:06:37 | INFO     | database.repository:create:42 | 👤 Yangi foydalanuvchi: id=6084026279 name=Abdusalomov
2026-05-03 21:06:38 | INFO     | bot.handlers.start:accept_legal:100 | New user accepted legal: 6084026279
2026-05-03 21:07:26 | INFO     | bot.handlers.taxi:taxi_enter_description:274 | 🚕 Taxi so'rovi yuborildi: user_id=6084026279
2026-05-03 21:09:49 | INFO     | __main__:main:92 | Bot stopped
2026-05-03 21:09:49 | INFO     | __main__:<module>:99 | Stopped by user (Ctrl+C)
2026-05-03 21:10:00 | INFO     | config.logging:setup_logging:39 | 📋 Logging tizimi ishga tushdi | Level: INFO
2026-05-03 21:10:00 | INFO     | __main__:main:19 | Starting Pochta Bot...
2026-05-03 21:10:02 | WARNING  | __main__:main:36 | Redis not available — using MemoryStorage for FSM
2026-05-03 21:10:03 | INFO     | database.connection:create_tables:44 | ✅ Jadvallar yaratildi yoki mavjud
2026-05-03 21:10:03 | INFO     | __main__:main:57 | Database ready
2026-05-03 21:10:03 | INFO     | bot.utils.scheduler:setup_scheduler:135 | ⏰ Scheduler ishga tushdi
2026-05-03 21:10:03 | INFO     | __main__:main:64 | Scheduler started
2026-05-03 21:10:03 | INFO     | __main__:main:87 | Bot started in polling mode. Send /start in Telegram.
2026-05-03 21:15:23 | INFO     | config.logging:setup_logging:39 | 📋 Logging tizimi ishga tushdi | Level: INFO
2026-05-03 21:15:23 | INFO     | __main__:main:19 | Starting Pochta Bot...
2026-05-03 21:15:25 | WARNING  | __main__:main:36 | Redis not available — using MemoryStorage for FSM
2026-05-03 21:15:26 | INFO     | database.connection:create_tables:44 | ✅ Jadvallar yaratildi yoki mavjud
2026-05-03 21:15:26 | INFO     | __main__:main:57 | Database ready
2026-05-03 21:15:26 | INFO     | bot.utils.scheduler:setup_scheduler:135 | ⏰ Scheduler ishga tushdi
2026-05-03 21:15:26 | INFO     | __main__:main:64 | Scheduler started
2026-05-03 21:15:26 | INFO     | __main__:main:87 | Bot started in polling mode. Send /start in Telegram.
2026-05-03 21:21:40 | INFO     | __main__:main:92 | Bot stopped
2026-05-03 21:21:40 | INFO     | __main__:<module>:99 | Stopped by user (Ctrl+C)
2026-05-03 21:22:06 | INFO     | config.logging:setup_logging:39 | 📋 Logging tizimi ishga tushdi | Level: INFO
2026-05-03 21:22:06 | INFO     | __main__:main:19 | Starting Pochta Bot...
2026-05-03 21:22:08 | WARNING  | __main__:main:36 | Redis not available — using MemoryStorage for FSM
2026-05-03 21:22:09 | INFO     | database.connection:create_tables:44 | ✅ Jadvallar yaratildi yoki mavjud
2026-05-03 21:22:09 | INFO     | __main__:main:57 | Database ready
2026-05-03 21:22:09 | INFO     | bot.utils.scheduler:setup_scheduler:135 | ⏰ Scheduler ishga tushdi
2026-05-03 21:22:09 | INFO     | __main__:main:64 | Scheduler started
2026-05-03 21:22:09 | INFO     | __main__:main:87 | Bot started in polling mode. Send /start in Telegram.
2026-05-03 21:22:26 | INFO     | database.repository:create:42 | 👤 Yangi foydalanuvchi: id=8650805040 name=John
2026-05-03 21:22:27 | INFO     | bot.handlers.start:accept_legal:100 | New user accepted legal: 8650805040
2026-05-03 21:24:31 | INFO     | database.repository:create:87 | ✈️ Yangi e'lon: id=1 user_id=8650805040
2026-05-03 21:24:31 | ERROR    | bot.utils.notifications:notify_admins:141 | ❌ Admin 1911984082ga xabar xatosi: Telegram server says - Bad Request: chat not found
2026-05-03 21:24:32 | INFO     | bot.handlers.courier:courier_video:544 | 🎥 Kuryer videosi yuborildi: listing_id=1 user_id=8650805040
2026-05-03 21:25:05 | INFO     | bot.handlers.admin:admin_approve:209 | Admin approved listing: 1
2026-05-03 21:25:34 | INFO     | database.repository:create:42 | 👤 Yangi foydalanuvchi: id=7734052717 name=)))))
2026-05-03 21:25:34 | INFO     | bot.handlers.start:accept_legal:100 | New user accepted legal: 7734052717
2026-05-03 21:26:27 | INFO     | bot.handlers.start:cmd_start:37 | Returning user: 7734052717
2026-05-03 21:26:56 | INFO     | database.repository:create:187 | 🤝 Yangi deal: id=1
2026-05-03 21:26:56 | INFO     | bot.utils.notifications:notify_courier_new_request:31 | 📬 Kuryer 8650805040ga yangi so'rov xabari yuborildi
2026-05-03 21:26:57 | INFO     | bot.handlers.sender:confirm_request:476 | Deal created: id=1 sender=7734052717 courier=8650805040
2026-05-03 21:27:07 | INFO     | bot.handlers.deal:deal_accept:65 | ✅ Deal qabul qilindi: deal_id=1
2026-05-03 21:27:28 | INFO     | bot.handlers.deal:start_chat:307 | 💬 Chat boshlandi: deal_id=1 user_id=8650805040
2026-05-03 21:27:30 | INFO     | bot.handlers.deal:start_chat:307 | 💬 Chat boshlandi: deal_id=1 user_id=7734052717
2026-05-03 21:27:54 | INFO     | bot.utils.notifications:notify_username_share_immediate:279 | ✅ Darhol username almashish: deal_id=1
2026-05-03 21:27:54 | INFO     | bot.handlers.deal:deal_confirm:172 | 🤝 Deal tasdiqlandi: deal_id=1
2026-05-03 21:28:59 | INFO     | bot.handlers.admin:admin_listing_diamond:723 | Admin listing diamond: id=1 diamond=True
2026-05-03 21:29:21 | INFO     | bot.handlers.start:cmd_start:37 | Returning user: 6084026279
2026-05-03 21:35:55 | INFO     | database.repository:create:42 | 👤 Yangi foydalanuvchi: id=6136941088 name=Asilbek
2026-05-03 21:35:55 | INFO     | bot.handlers.start:accept_legal:100 | New user accepted legal: 6136941088
2026-05-03 21:37:14 | INFO     | database.repository:create:187 | 🤝 Yangi deal: id=2
2026-05-03 21:37:14 | INFO     | bot.utils.notifications:notify_courier_new_request:31 | 📬 Kuryer 8650805040ga yangi so'rov xabari yuborildi
2026-05-03 21:37:14 | INFO     | bot.handlers.sender:confirm_request:476 | Deal created: id=2 sender=6136941088 courier=8650805040
2026-05-03 21:43:55 | INFO     | database.repository:create:42 | 👤 Yangi foydalanuvchi: id=1911984082 name=Nomean13
2026-05-03 21:43:55 | INFO     | bot.handlers.start:accept_legal:100 | New user accepted legal: 1911984082
2026-05-03 21:47:25 | INFO     | bot.handlers.deal:deal_accept:65 | ✅ Deal qabul qilindi: deal_id=2
2026-05-03 21:47:27 | INFO     | bot.handlers.deal:start_chat:307 | 💬 Chat boshlandi: deal_id=2 user_id=8650805040
2026-05-03 21:48:11 | INFO     | bot.handlers.start:cmd_start:37 | Returning user: 6084026279
2026-05-03 21:48:46 | INFO     | bot.handlers.start:cmd_start:37 | Returning user: 6084026279
2026-05-03 22:07:30 | INFO     | __main__:main:92 | Bot stopped
2026-05-03 22:07:30 | INFO     | __main__:<module>:99 | Stopped by user (Ctrl+C)
2026-05-03 22:08:03 | INFO     | config.logging:setup_logging:39 | 📋 Logging tizimi ishga tushdi | Level: INFO
2026-05-03 22:08:03 | INFO     | __main__:main:19 | Starting Pochta Bot...
2026-05-03 22:08:03 | WARNING  | __main__:main:36 | Redis not available — using MemoryStorage for FSM
2026-05-03 22:08:04 | INFO     | database.connection:create_tables:44 | ✅ Jadvallar yaratildi yoki mavjud
2026-05-03 22:08:04 | INFO     | __main__:main:57 | Database ready
2026-05-03 22:08:04 | INFO     | bot.utils.scheduler:setup_scheduler:135 | ⏰ Scheduler ishga tushdi
2026-05-03 22:08:04 | INFO     | __main__:main:64 | Scheduler started
2026-05-03 22:08:04 | INFO     | __main__:main:87 | Bot started in polling mode. Send /start in Telegram.
2026-05-03 22:10:50 | INFO     | __main__:main:92 | Bot stopped
2026-05-03 22:10:50 | INFO     | __main__:<module>:99 | Stopped by user (Ctrl+C)
2026-05-03 22:11:03 | INFO     | config.logging:setup_logging:39 | 📋 Logging tizimi ishga tushdi | Level: INFO
2026-05-03 22:11:03 | INFO     | __main__:main:19 | Starting Pochta Bot...
2026-05-03 22:11:03 | INFO     | __main__:main:34 | Redis FSM storage connected: redis://default:cLcVoyFvpjxpCmlcYv5wzcPVwLo0tbpe@redis-17073.c300.eu-central-1-1.ec2.cloud.redislabs.com:17073/0
2026-05-03 22:11:04 | INFO     | database.connection:create_tables:44 | ✅ Jadvallar yaratildi yoki mavjud
2026-05-03 22:11:04 | INFO     | __main__:main:57 | Database ready
2026-05-03 22:11:04 | INFO     | bot.utils.scheduler:setup_scheduler:135 | ⏰ Scheduler ishga tushdi
2026-05-03 22:11:04 | INFO     | __main__:main:64 | Scheduler started
2026-05-03 22:11:04 | INFO     | __main__:main:87 | Bot started in polling mode. Send /start in Telegram.
2026-05-03 22:12:14 | INFO     | database.repository:create:42 | 👤 Yangi foydalanuvchi: id=1768987001 name=Jalal al-Din جلال الدين
2026-05-03 22:12:14 | INFO     | bot.handlers.start:accept_legal:100 | New user accepted legal: 1768987001
